[INFO] Scanning for projects...
[INFO] 
[INFO] -----------------< co.ke.payless:ms-payless-test-api >------------------
[INFO] Building ms-payless-test-api 0.0.1-SNAPSHOT
[INFO]   from pom.xml
[INFO] --------------------------------[ jar ]---------------------------------
[INFO] 
[INFO] >>> spring-boot:3.3.3:run (default-cli) > test-compile @ ms-payless-test-api >>>
[INFO] 
[INFO] --- resources:3.3.1:resources (default-resources) @ ms-payless-test-api ---
[INFO] Copying 1 resource from src/main/resources to target/classes
[INFO] Copying 0 resource from src/main/resources to target/classes
[INFO] 
[INFO] --- compiler:3.13.0:compile (default-compile) @ ms-payless-test-api ---
[INFO] Nothing to compile - all classes are up to date.
[INFO] 
[INFO] --- resources:3.3.1:testResources (default-testResources) @ ms-payless-test-api ---
[INFO] skip non existing resourceDirectory /Users/kiptanui/payless/ms-payless-test-api/src/test/resources
[INFO] 
[INFO] --- compiler:3.13.0:testCompile (default-testCompile) @ ms-payless-test-api ---
[INFO] Nothing to compile - all classes are up to date.
[INFO] 
[INFO] <<< spring-boot:3.3.3:run (default-cli) < test-compile @ ms-payless-test-api <<<
[INFO] 
[INFO] 
[INFO] --- spring-boot:3.3.3:run (default-cli) @ ms-payless-test-api ---
[INFO] Attaching agents: []

  .   ____          _            __ _ _
 /\\ / ___'_ __ _ _(_)_ __  __ _ \ \ \ \
( ( )\___ | '_ | '_| | '_ \/ _` | \ \ \ \
 \\/  ___)| |_)| | | | | || (_| |  ) ) ) )
  '  |____| .__|_| |_|_| |_\__, | / / / /
 =========|_|==============|___/=/_/_/_/

 :: Spring Boot ::                (v3.3.3)

2024-12-30T01:00:22.426+03:00  INFO 2116 --- [ms-payless-test-api] [           main] c.k.p.m.MsPaylessTestApiApplication      : Starting MsPaylessTestApiApplication using Java 22.0.2 with PID 2116 (/Users/kiptanui/payless/ms-payless-test-api/target/classes started by kiptanui in /Users/kiptanui/payless/ms-payless-test-api)
2024-12-30T01:00:22.427+03:00  INFO 2116 --- [ms-payless-test-api] [           main] c.k.p.m.MsPaylessTestApiApplication      : No active profile set, falling back to 1 default profile: "default"
2024-12-30T01:00:22.857+03:00  INFO 2116 --- [ms-payless-test-api] [           main] o.s.b.w.embedded.tomcat.TomcatWebServer  : Tomcat initialized with port 8081 (http)
2024-12-30T01:00:22.863+03:00  INFO 2116 --- [ms-payless-test-api] [           main] o.apache.catalina.core.StandardService   : Starting service [Tomcat]
2024-12-30T01:00:22.863+03:00  INFO 2116 --- [ms-payless-test-api] [           main] o.apache.catalina.core.StandardEngine    : Starting Servlet engine: [Apache Tomcat/10.1.28]
2024-12-30T01:00:22.883+03:00  INFO 2116 --- [ms-payless-test-api] [           main] o.a.c.c.C.[Tomcat].[localhost].[/]       : Initializing Spring embedded WebApplicationContext
2024-12-30T01:00:22.884+03:00  INFO 2116 --- [ms-payless-test-api] [           main] w.s.c.ServletWebServerApplicationContext : Root WebApplicationContext: initialization completed in 442 ms
2024-12-30T01:00:23.231+03:00  INFO 2116 --- [ms-payless-test-api] [           main] o.s.b.a.e.web.EndpointLinksResolver      : Exposing 1 endpoint beneath base path '/actuator'
2024-12-30T01:00:23.256+03:00  INFO 2116 --- [ms-payless-test-api] [           main] o.s.b.w.embedded.tomcat.TomcatWebServer  : Tomcat started on port 8081 (http) with context path '/'
2024-12-30T01:00:23.264+03:00  INFO 2116 --- [ms-payless-test-api] [           main] c.k.p.m.MsPaylessTestApiApplication      : Started MsPaylessTestApiApplication in 0.998 seconds (process running for 1.142)
[INFO] ------------------------------------------------------------------------
[INFO] BUILD FAILURE
[INFO] ------------------------------------------------------------------------
[INFO] Total time:  11:31 min
[INFO] Finished at: 2024-12-30T01:11:52+03:00
[INFO] ------------------------------------------------------------------------
[ERROR] Failed to execute goal org.springframework.boot:spring-boot-maven-plugin:3.3.3:run (default-cli) on project ms-payless-test-api: Process terminated with exit code: 137 -> [Help 1]
[ERROR] 
[ERROR] To see the full stack trace of the errors, re-run Maven with the -e switch.
[ERROR] Re-run Maven using the -X switch to enable full debug logging.
[ERROR] 
[ERROR] For more information about the errors and possible solutions, please read the following articles:
[ERROR] [Help 1] http://cwiki.apache.org/confluence/display/MAVEN/MojoExecutionException
